{start:	int main()}
{{:	{}
{type:	double}
{var:	temp1}
{=:	=}
{num:	3}
{plus_minus:	+}
{num:	5}
{muti_divide:	*}
{num:	6}
{plus_minus:	-}
{num:	7}
{muti_divide:	/}
{num:	8}
{delimiter:	;}
{type:	int}
{var:	i1}
{split:	,}
{var:	i2}
{split:	,}
{var:	i3}
{delimiter:	;}
{type:	int}
{var:	i4}
{=:	=}
{var:	i1}
{=:	=}
{var:	i2}
{=:	=}
{var:	i3}
{=:	=}
{num:	3}
{plus_minus:	-}
{num:	7}
{muti_divide:	*}
{(:	(}
{num:	5}
{plus_minus:	+}
{num:	6}
{):	)}
{delimiter:	;}
{for:	for}
{(:	(}
{type:	int}
{var:	i}
{=:	=}
{num:	0}
{delimiter:	;}
{var:	i}
{compare_op:	<}
{num:	10}
{delimiter:	;}
{increment_op:	++}
{var:	i}
{):	)}
{{:	{}
{IF:	if}
{(:	(}
{var:	i}
{compare_op:	<}
{num:	5}
{):	)}
{{:	{}
{StandardScope:	std}
{scope_op:	::}
{ioclass:	cout}
{io_op:	<<}
{var:	i}
{io_op:	<<}
{iostring:	endl}
{delimiter:	;}
{}:	}}
{ELSE:	else}
{{:	{}
{StandardScope:	std}
{scope_op:	::}
{ioclass:	cout}
{io_op:	<<}
{var:	i}
{plus_minus:	+}
{num:	5}
{io_op:	<<}
{iostring:	endl}
{delimiter:	;}
{}:	}}
{}:	}}
{}:	}}
